0 info it worked if it ends with ok
1 verbose cli [ '/usr/local/bin/node', '/usr/local/bin/npm', 'run', 'dev' ]
2 info using npm@3.8.3
3 info using node@v5.10.1
4 verbose run-script [ 'predev', 'dev', 'postdev' ]
5 info lifecycle react-redux-start-kit@1.0.0~predev: react-redux-start-kit@1.0.0
6 silly lifecycle react-redux-start-kit@1.0.0~predev: no script for predev, continuing
7 info lifecycle react-redux-start-kit@1.0.0~dev: react-redux-start-kit@1.0.0
8 verbose lifecycle react-redux-start-kit@1.0.0~dev: unsafe-perm in lifecycle true
9 verbose lifecycle react-redux-start-kit@1.0.0~dev: PATH: /usr/local/lib/node_modules/npm/bin/node-gyp-bin:/Users/gardenia/work/flaming/example/node_modules/.bin:/usr/local/bin:/usr/local/bin:/usr/bin:/bin:/usr/sbin:/sbin:/Applications/Server.app/Contents/ServerRoot/usr/bin:/Applications/Server.app/Contents/ServerRoot/usr/sbin:/usr/local/go/bin:/usr/local/opt/go/bin/bin:/Users/gardenia/down/android-ndk-r10d
10 verbose lifecycle react-redux-start-kit@1.0.0~dev: CWD: /Users/gardenia/work/flaming/example
11 silly lifecycle react-redux-start-kit@1.0.0~dev: Args: [ '-c', 'export NODE_ENV=development && node server' ]
12 silly lifecycle react-redux-start-kit@1.0.0~dev: Returned: code: 1  signal: null
13 info lifecycle react-redux-start-kit@1.0.0~dev: Failed to exec dev script
14 verbose stack Error: react-redux-start-kit@1.0.0 dev: `export NODE_ENV=development && node server`
14 verbose stack Exit status 1
14 verbose stack     at EventEmitter.<anonymous> (/usr/local/lib/node_modules/npm/lib/utils/lifecycle.js:239:16)
14 verbose stack     at emitTwo (events.js:100:13)
14 verbose stack     at EventEmitter.emit (events.js:185:7)
14 verbose stack     at ChildProcess.<anonymous> (/usr/local/lib/node_modules/npm/lib/utils/spawn.js:24:14)
14 verbose stack     at emitTwo (events.js:100:13)
14 verbose stack     at ChildProcess.emit (events.js:185:7)
14 verbose stack     at maybeClose (internal/child_process.js:850:16)
14 verbose stack     at Process.ChildProcess._handle.onexit (internal/child_process.js:215:5)
15 verbose pkgid react-redux-start-kit@1.0.0
16 verbose cwd /Users/gardenia/work/flaming/example
17 error Darwin 15.5.0
18 error argv "/usr/local/bin/node" "/usr/local/bin/npm" "run" "dev"
19 error node v5.10.1
20 error npm  v3.8.3
21 error code ELIFECYCLE
22 error react-redux-start-kit@1.0.0 dev: `export NODE_ENV=development && node server`
22 error Exit status 1
23 error Failed at the react-redux-start-kit@1.0.0 dev script 'export NODE_ENV=development && node server'.
23 error Make sure you have the latest version of node.js and npm installed.
23 error If you do, this is most likely a problem with the react-redux-start-kit package,
23 error not with npm itself.
23 error Tell the author that this fails on your system:
23 error     export NODE_ENV=development && node server
23 error You can get information on how to open an issue for this project with:
23 error     npm bugs react-redux-start-kit
23 error Or if that isn't available, you can get their info via:
23 error     npm owner ls react-redux-start-kit
23 error There is likely additional logging output above.
24 verbose exit [ 1, true ]
